# JRE version: OpenJDK Runtime Environment (8.0_152-b02) (build 1.8.0_152-release-1024-b02)
# Java VM: OpenJDK 64-Bit Server VM (25.152-b02 mixed mode windows-amd64 compressed oops)
Heap:
 PSYoungGen      total 267776K, used 175866K [0x00000000e0000000, 0x00000000f5480000, 0x0000000100000000)
  eden space 239616K, 72% used [0x00000000e0000000,0x00000000eaac6b28,0x00000000eea00000)
  from space 28160K, 3% used [0x00000000eea00000,0x00000000eeaf8000,0x00000000f0580000)
  to   space 26112K, 0% used [0x00000000f3b00000,0x00000000f3b00000,0x00000000f5480000)
 ParOldGen       total 94208K, used 75071K [0x00000000a0000000, 0x00000000a5c00000, 0x00000000e0000000)
  object space 94208K, 79% used [0x00000000a0000000,0x00000000a494fd30,0x00000000a5c00000)
 Metaspace       used 92144K, capacity 96563K, committed 96896K, reserved 1132544K
  class space    used 11927K, capacity 12827K, committed 12928K, reserved 1048576K
GC Heap History (10 events):
Event: 2257.329 GC heap before
{Heap before GC invocations=24 (full 3):
 PSYoungGen      total 268800K, used 248800K [0x00000000e0000000, 0x00000000f4a80000, 0x0000000100000000)
  eden space 239616K, 100% used [0x00000000e0000000,0x00000000eea00000,0x00000000eea00000)
  from space 29184K, 31% used [0x00000000f0580000,0x00000000f0e780c0,0x00000000f2200000)
  to   space 28160K, 0% used [0x00000000eea00000,0x00000000eea00000,0x00000000f0580000)
 ParOldGen       total 94208K, used 67285K [0x00000000a0000000, 0x00000000a5c00000, 0x00000000e0000000)
  object space 94208K, 71% used [0x00000000a0000000,0x00000000a41b5490,0x00000000a5c00000)
 Metaspace       used 91997K, capacity 96353K, committed 96640K, reserved 1132544K
  class space    used 11922K, capacity 12826K, committed 12928K, reserved 1048576K
Event: 2259.975 GC heap after
Heap after GC invocations=24 (full 3):
 PSYoungGen      total 267776K, used 13539K [0x00000000e0000000, 0x00000000f4a80000, 0x0000000100000000)
  eden space 239616K, 0% used [0x00000000e0000000,0x00000000e0000000,0x00000000eea00000)
  from space 28160K, 48% used [0x00000000eea00000,0x00000000ef738cc8,0x00000000f0580000)
  to   space 29184K, 0% used [0x00000000f0580000,0x00000000f0580000,0x00000000f2200000)
 ParOldGen       total 94208K, used 67285K [0x00000000a0000000, 0x00000000a5c00000, 0x00000000e0000000)
  object space 94208K, 71% used [0x00000000a0000000,0x00000000a41b5490,0x00000000a5c00000)
 Metaspace       used 91997K, capacity 96353K, committed 96640K, reserved 1132544K
  class space    used 11922K, capacity 12826K, committed 12928K, reserved 1048576K
}
Event: 2264.020 GC heap before
{Heap before GC invocations=25 (full 3):
 PSYoungGen      total 267776K, used 253155K [0x00000000e0000000, 0x00000000f4a80000, 0x0000000100000000)
  eden space 239616K, 100% used [0x00000000e0000000,0x00000000eea00000,0x00000000eea00000)
  from space 28160K, 48% used [0x00000000eea00000,0x00000000ef738cc8,0x00000000f0580000)
  to   space 29184K, 0% used [0x00000000f0580000,0x00000000f0580000,0x00000000f2200000)
 ParOldGen       total 94208K, used 67285K [0x00000000a0000000, 0x00000000a5c00000, 0x00000000e0000000)
  object space 94208K, 71% used [0x00000000a0000000,0x00000000a41b5490,0x00000000a5c00000)
 Metaspace       used 92067K, capacity 96491K, committed 96640K, reserved 1132544K
  class space    used 11927K, capacity 12827K, committed 12928K, reserved 1048576K
Event: 2264.089 GC heap after
Heap after GC invocations=25 (full 3):
 PSYoungGen      total 268800K, used 9778K [0x00000000e0000000, 0x00000000f4a80000, 0x0000000100000000)
  eden space 239616K, 0% used [0x00000000e0000000,0x00000000e0000000,0x00000000eea00000)
  from space 29184K, 33% used [0x00000000f0580000,0x00000000f0f0c808,0x00000000f2200000)
  to   space 28160K, 0% used [0x00000000eea00000,0x00000000eea00000,0x00000000f0580000)
 ParOldGen       total 94208K, used 74927K [0x00000000a0000000, 0x00000000a5c00000, 0x00000000e0000000)
  object space 94208K, 79% used [0x00000000a0000000,0x00000000a492bd30,0x00000000a5c00000)
 Metaspace       used 92067K, capacity 96491K, committed 96640K, reserved 1132544K
  class space    used 11927K, capacity 12827K, committed 12928K, reserved 1048576K
}
Event: 2266.874 GC heap before
{Heap before GC invocations=26 (full 3):
 PSYoungGen      total 268800K, used 249394K [0x00000000e0000000, 0x00000000f4a80000, 0x0000000100000000)
  eden space 239616K, 100% used [0x00000000e0000000,0x00000000eea00000,0x00000000eea00000)
  from space 29184K, 33% used [0x00000000f0580000,0x00000000f0f0c808,0x00000000f2200000)
  to   space 28160K, 0% used [0x00000000eea00000,0x00000000eea00000,0x00000000f0580000)
 ParOldGen       total 94208K, used 74927K [0x00000000a0000000, 0x00000000a5c00000, 0x00000000e0000000)
  object space 94208K, 79% used [0x00000000a0000000,0x00000000a492bd30,0x00000000a5c00000)
 Metaspace       used 92070K, capacity 96491K, committed 96640K, reserved 1132544K
  class space    used 11927K, capacity 12827K, committed 12928K, reserved 1048576K
Event: 2266.919 GC heap after
Heap after GC invocations=26 (full 3):
 PSYoungGen      total 267776K, used 8779K [0x00000000e0000000, 0x00000000f4a80000, 0x0000000100000000)
  eden space 239616K, 0% used [0x00000000e0000000,0x00000000e0000000,0x00000000eea00000)
  from space 28160K, 31% used [0x00000000eea00000,0x00000000ef292da0,0x00000000f0580000)
  to   space 29184K, 0% used [0x00000000f0580000,0x00000000f0580000,0x00000000f2200000)
 ParOldGen       total 94208K, used 75031K [0x00000000a0000000, 0x00000000a5c00000, 0x00000000e0000000)
  object space 94208K, 79% used [0x00000000a0000000,0x00000000a4945d30,0x00000000a5c00000)
 Metaspace       used 92070K, capacity 96491K, committed 96640K, reserved 1132544K
  class space    used 11927K, capacity 12827K, committed 12928K, reserved 1048576K
}
Event: 2269.762 GC heap before
{Heap before GC invocations=27 (full 3):
 PSYoungGen      total 267776K, used 248395K [0x00000000e0000000, 0x00000000f4a80000, 0x0000000100000000)
  eden space 239616K, 100% used [0x00000000e0000000,0x00000000eea00000,0x00000000eea00000)
  from space 28160K, 31% used [0x00000000eea00000,0x00000000ef292da0,0x00000000f0580000)
  to   space 29184K, 0% used [0x00000000f0580000,0x00000000f0580000,0x00000000f2200000)
 ParOldGen       total 94208K, used 75031K [0x00000000a0000000, 0x00000000a5c00000, 0x00000000e0000000)
  object space 94208K, 79% used [0x00000000a0000000,0x00000000a4945d30,0x00000000a5c00000)
 Metaspace       used 92099K, capacity 96495K, committed 96640K, reserved 1132544K
  class space    used 11927K, capacity 12827K, committed 12928K, reserved 1048576K
Event: 2269.770 GC heap after
Heap after GC invocations=27 (full 3):
 PSYoungGen      total 268800K, used 1454K [0x00000000e0000000, 0x00000000f4a80000, 0x0000000100000000)
  eden space 239616K, 0% used [0x00000000e0000000,0x00000000e0000000,0x00000000eea00000)
  from space 29184K, 4% used [0x00000000f0580000,0x00000000f06eb9b0,0x00000000f2200000)
  to   space 28160K, 0% used [0x00000000eea00000,0x00000000eea00000,0x00000000f0580000)
 ParOldGen       total 94208K, used 75063K [0x00000000a0000000, 0x00000000a5c00000, 0x00000000e0000000)
  object space 94208K, 79% used [0x00000000a0000000,0x00000000a494dd30,0x00000000a5c00000)
 Metaspace       used 92099K, capacity 96495K, committed 96640K, reserved 1132544K
  class space    used 11927K, capacity 12827K, committed 12928K, reserved 1048576K
}
Event: 2272.450 GC heap before
{Heap before GC invocations=28 (full 3):
 PSYoungGen      total 268800K, used 241070K [0x00000000e0000000, 0x00000000f4a80000, 0x0000000100000000)
  eden space 239616K, 100% used [0x00000000e0000000,0x00000000eea00000,0x00000000eea00000)
  from space 29184K, 4% used [0x00000000f0580000,0x00000000f06eb9b0,0x00000000f2200000)
  to   space 28160K, 0% used [0x00000000eea00000,0x00000000eea00000,0x00000000f0580000)
 ParOldGen       total 94208K, used 75063K [0x00000000a0000000, 0x00000000a5c00000, 0x00000000e0000000)
  object space 94208K, 79% used [0x00000000a0000000,0x00000000a494dd30,0x00000000a5c00000)
 Metaspace       used 92136K, capacity 96563K, committed 96896K, reserved 1132544K
  class space    used 11927K, capacity 12827K, committed 12928K, reserved 1048576K
Event: 2272.477 GC heap after
Heap after GC invocations=28 (full 3):
 PSYoungGen      total 267776K, used 992K [0x00000000e0000000, 0x00000000f5480000, 0x0000000100000000)
  eden space 239616K, 0% used [0x00000000e0000000,0x00000000e0000000,0x00000000eea00000)
  from space 28160K, 3% used [0x00000000eea00000,0x00000000eeaf8000,0x00000000f0580000)
  to   space 26112K, 0% used [0x00000000f3b00000,0x00000000f3b00000,0x00000000f5480000)
 ParOldGen       total 94208K, used 75071K [0x00000000a0000000, 0x00000000a5c00000, 0x00000000e0000000)
  object space 94208K, 79% used [0x00000000a0000000,0x00000000a494fd30,0x00000000a5c00000)
 Metaspace       used 92136K, capacity 96563K, committed 96896K, reserved 1132544K
  class space    used 11927K, capacity 12827K, committed 12928K, reserved 1048576K
}

